<?xml version="1.0" encoding="UTF-8"?>
<testsuite name="censusanalyser.CensusAnalyserTest" tests="15" skipped="0" failures="0" errors="0" timestamp="2020-12-16T04:47:55" hostname="DESKTOP-9G5SK1M" time="0.509">
  <properties/>
  <testcase name="givenIndiaCensusData_WithCorrectPath_RemovedDelimeter_ShouldThrowException" classname="censusanalyser.CensusAnalyserTest" time="0.1"/>
  <testcase name="givenIndianCensusCSVFileReturnsCorrectRecords" classname="censusanalyser.CensusAnalyserTest" time="0.146"/>
  <testcase name="givenIndianStateCodeData_WithCorrectPath_WrongHeader_ShouldThrowException" classname="censusanalyser.CensusAnalyserTest" time="0.002"/>
  <testcase name="sortingOfCensusDataAlphabetically" classname="censusanalyser.CensusAnalyserTest" time="0.151"/>
  <testcase name="givenIndiaStateCode_WithWrongFile_ShouldThrowException" classname="censusanalyser.CensusAnalyserTest" time="0.002"/>
  <testcase name="givenIndianStateCodeFileReecordsUsingCommonCSV" classname="censusanalyser.CensusAnalyserTest" time="0.026"/>
  <testcase name="givenIndiaCensusData_WithCorrectPath_WrongHeader_ShouldThrowException" classname="censusanalyser.CensusAnalyserTest" time="0.002"/>
  <testcase name="givenIndianCensusCSVFileReturnsCorrectRecordsUsingCommonCSV" classname="censusanalyser.CensusAnalyserTest" time="0.013"/>
  <testcase name="givenIndiaCensusData_WithCorrectPath_WrongFileType_ShouldThrowException" classname="censusanalyser.CensusAnalyserTest" time="0.0"/>
  <testcase name="givenIndiaCensusData_WithWrongFile_ShouldThrowException" classname="censusanalyser.CensusAnalyserTest" time="0.0"/>
  <testcase name="givenIndiaStateCode_WithCorrectPath_RemovedDelimeter_ShouldThrowException" classname="censusanalyser.CensusAnalyserTest" time="0.002"/>
  <testcase name="sortingOfCensusDataBasedOnStateCode" classname="censusanalyser.CensusAnalyserTest" time="0.033"/>
  <testcase name="givenIndianStateCodeFileReturnsCorrectRecordsUsingCommonCSV" classname="censusanalyser.CensusAnalyserTest" time="0.003"/>
  <testcase name="givenIndianStateCodeFileReturnsCorrectRecords" classname="censusanalyser.CensusAnalyserTest" time="0.022"/>
  <testcase name="givenIndiaStateCode_WithCorrectPath_WrongFileType_ShouldThrowException" classname="censusanalyser.CensusAnalyserTest" time="0.0"/>
  <system-out><![CDATA[]]></system-out>
  <system-err><![CDATA[]]></system-err>
</testsuite>
