<?xml version="1.0" encoding="UTF-8"?>
<testsuite name="censusanalyser.CensusAnalyserTest" tests="1" skipped="0" failures="0" errors="0" timestamp="2020-12-16T05:43:25" hostname="DESKTOP-9G5SK1M" time="0.178">
  <properties/>
  <testcase name="sortingOfCensusDataByArea" classname="censusanalyser.CensusAnalyserTest" time="0.178"/>
  <system-out><![CDATA[]]></system-out>
  <system-err><![CDATA[]]></system-err>
</testsuite>
