<?xml version="1.0" encoding="UTF-8"?>
<testsuite name="censusanalyser.CensusAnalyserTest" tests="1" skipped="0" failures="0" errors="0" timestamp="2020-12-15T16:30:51" hostname="DESKTOP-9G5SK1M" time="0.219">
  <properties/>
  <testcase name="sortingOfCensusDataAlphabetically" classname="censusanalyser.CensusAnalyserTest" time="0.219"/>
  <system-out><![CDATA[]]></system-out>
  <system-err><![CDATA[]]></system-err>
</testsuite>
