<?xml version="1.0" encoding="UTF-8"?>
<testsuite name="censusanalyser.CensusAnalyserTest" tests="1" skipped="0" failures="0" errors="0" timestamp="2020-12-16T05:27:34" hostname="DESKTOP-9G5SK1M" time="0.175">
  <properties/>
  <testcase name="sortingOfCensusDataByPopulation" classname="censusanalyser.CensusAnalyserTest" time="0.175"/>
  <system-out><![CDATA[]]></system-out>
  <system-err><![CDATA[]]></system-err>
</testsuite>
